SF:lib/encryptions/axolotl/axolotl.dart
DA:21,4
DA:22,16
DA:26,3
DA:27,9
DA:31,1
DA:32,3
DA:36,2
DA:37,2
DA:38,2
DA:39,4
DA:40,4
DA:41,6
DA:42,4
DA:47,3
DA:49,3
DA:63,2
DA:65,2
DA:66,4
DA:73,2
DA:75,6
DA:76,6
DA:77,2
DA:78,4
DA:83,1
DA:84,2
DA:86,2
DA:87,2
DA:89,1
DA:91,1
DA:93,3
DA:100,2
DA:102,4
DA:103,2
DA:109,2
DA:111,2
DA:112,6
DA:113,6
LF:37
LH:37
end_of_record
SF:lib/messages/message.dart
DA:19,2
DA:26,2
DA:34,1
DA:40,2
DA:41,2
DA:46,2
DA:47,2
DA:48,12
DA:51,2
DA:52,12
DA:54,2
DA:57,4
DA:58,2
DA:60,4
DA:63,1
DA:65,3
DA:66,1
DA:67,1
DA:68,2
DA:70,3
DA:73,1
DA:75,3
DA:79,1
DA:81,1
DA:82,3
DA:83,3
DA:84,2
DA:85,1
DA:86,1
DA:87,1
DA:88,1
DA:89,1
DA:90,1
DA:91,2
DA:95,1
DA:97,2
DA:98,3
DA:99,1
DA:104,2
DA:106,2
DA:107,2
DA:108,2
DA:109,2
DA:110,6
DA:111,2
DA:112,2
DA:113,2
DA:114,4
LF:48
LH:48
end_of_record
SF:lib/messages/omemo_message.dart
DA:13,2
DA:28,1
DA:42,1
DA:52,1
LF:4
LH:4
end_of_record
SF:lib/utils/utils.dart
DA:8,12
DA:10,4
DA:11,16
DA:13,4
DA:16,2
DA:17,8
DA:18,2
DA:21,3
DA:23,3
DA:24,6
DA:27,5
DA:28,5
DA:32,0
DA:33,0
LF:14
LH:12
end_of_record
SF:lib/encryptions/axolotl/ed25519.dart
DA:9,2
DA:10,4
DA:13,2
DA:14,2
DA:15,2
DA:16,2
DA:17,2
DA:20,4
DA:55,2
DA:56,2
DA:57,2
DA:58,2
DA:59,2
DA:60,2
DA:61,2
DA:62,6
DA:64,2
DA:65,4
DA:66,2
DA:67,2
DA:69,2
DA:70,2
DA:72,2
DA:73,2
DA:74,2
DA:75,2
DA:76,2
DA:77,2
DA:78,6
DA:80,2
DA:81,4
DA:83,2
DA:84,2
DA:86,2
DA:87,2
DA:88,2
DA:89,8
DA:95,2
DA:96,4
DA:98,2
DA:99,2
DA:100,2
DA:101,2
DA:102,2
DA:103,2
DA:104,2
DA:105,2
DA:106,2
DA:107,2
DA:108,2
DA:111,2
DA:112,2
DA:114,8
DA:115,4
DA:118,6
LF:55
LH:55
end_of_record
SF:lib/keys/bundle/prekey_package.dart
DA:15,1
LF:1
LH:1
end_of_record
SF:lib/keys/ecc/keypair.dart
DA:10,6
DA:12,0
DA:14,4
DA:16,3
DA:17,12
DA:20,0
DA:22,0
DA:23,0
DA:27,2
DA:28,8
DA:30,2
DA:31,10
LF:12
LH:8
end_of_record
SF:lib/keys/ecc/publickey.dart
DA:9,4
DA:11,3
DA:14,12
DA:16,1
DA:17,2
LF:5
LH:5
end_of_record
SF:lib/keys/whisper/identity_keypair.dart
DA:10,4
DA:11,1
DA:12,4
DA:14,3
DA:18,0
DA:19,0
DA:21,0
DA:22,0
LF:8
LH:4
end_of_record
SF:lib/keys/whisper/prekey.dart
DA:12,2
DA:14,2
DA:16,0
DA:17,0
DA:19,0
DA:20,0
DA:22,1
DA:23,5
DA:31,2
DA:33,1
DA:35,0
DA:36,0
DA:38,0
DA:39,0
LF:14
LH:6
end_of_record
SF:lib/keys/whisper/signed_prekey.dart
DA:12,4
DA:14,2
DA:18,0
DA:19,0
DA:21,0
DA:22,0
DA:24,2
DA:25,4
DA:33,2
DA:35,1
DA:38,0
DA:39,0
DA:41,0
DA:42,0
LF:14
LH:6
end_of_record
SF:lib/utils/array_buffer_utils.dart
DA:6,3
DA:10,9
DA:11,9
DA:13,3
DA:15,9
DA:16,3
DA:17,6
DA:18,9
DA:23,3
DA:24,6
DA:27,0
DA:28,0
DA:31,2
DA:32,6
DA:35,8
LF:15
LH:13
end_of_record
SF:lib/encryptions/cbc/cbc.dart
DA:5,2
DA:6,6
DA:7,8
DA:8,6
DA:12,2
DA:13,10
LF:6
LH:6
end_of_record
SF:lib/encryptions/cipher_session/alice_cipher_session_params.dart
DA:17,1
LF:1
LH:1
end_of_record
SF:lib/keys/whisper/identity_key.dart
DA:9,2
DA:11,1
DA:15,0
DA:16,0
DA:18,0
DA:19,0
LF:6
LH:2
end_of_record
SF:lib/encryptions/cipher_session/bob_cipher_session_params.dart
DA:15,1
LF:1
LH:1
end_of_record
SF:lib/encryptions/cipher_session/session_cipher.dart
DA:29,1
DA:31,3
DA:32,1
DA:34,1
DA:36,3
DA:38,3
DA:39,1
DA:41,1
DA:42,1
DA:43,1
DA:44,1
DA:45,1
DA:47,1
DA:48,1
DA:50,2
DA:51,2
DA:55,1
DA:57,2
DA:58,3
DA:59,1
DA:60,2
DA:61,1
DA:62,2
DA:63,1
DA:64,1
DA:65,1
DA:66,3
DA:71,1
DA:73,2
DA:74,4
DA:77,1
DA:78,1
DA:80,2
DA:81,2
DA:82,3
DA:83,1
DA:85,2
DA:86,2
DA:88,1
DA:89,2
DA:90,1
DA:92,4
DA:93,3
DA:94,2
DA:98,5
DA:99,4
DA:100,4
DA:101,4
DA:103,3
DA:108,3
DA:109,4
DA:111,3
DA:114,2
DA:116,1
DA:117,2
DA:118,3
DA:119,3
DA:120,3
DA:124,1
DA:128,2
DA:129,1
DA:130,3
DA:134,1
DA:136,1
DA:137,2
DA:138,2
DA:139,1
DA:141,2
DA:144,1
DA:145,2
DA:146,2
DA:149,0
DA:154,1
DA:157,2
DA:159,2
DA:161,3
DA:162,4
DA:163,0
DA:165,1
DA:166,2
DA:167,2
DA:168,2
DA:170,2
DA:171,1
DA:172,2
DA:173,2
DA:174,4
DA:175,1
DA:176,2
DA:178,1
DA:179,2
DA:180,2
DA:181,2
DA:182,1
DA:184,0
DA:188,1
DA:189,1
DA:191,2
DA:192,2
DA:194,2
DA:195,2
DA:196,1
DA:197,4
DA:198,1
DA:202,1
DA:204,1
DA:205,2
DA:206,2
DA:207,5
DA:208,2
DA:209,1
DA:211,2
DA:214,1
DA:222,1
DA:228,1
DA:235,1
DA:236,1
DA:237,1
DA:238,3
DA:239,3
DA:240,1
DA:241,1
DA:243,0
DA:244,0
DA:245,0
DA:247,4
DA:248,1
DA:249,3
DA:250,2
DA:251,2
DA:252,3
DA:253,3
DA:254,2
DA:255,3
DA:256,1
DA:264,1
DA:266,2
DA:269,0
DA:271,0
DA:274,0
DA:278,3
DA:279,0
DA:281,2
DA:284,1
DA:285,6
DA:286,3
DA:290,4
DA:291,4
DA:292,4
DA:293,3
DA:295,1
DA:296,4
DA:297,4
DA:303,1
DA:305,2
DA:307,1
DA:310,2
DA:314,1
DA:321,2
DA:323,3
DA:324,3
DA:325,3
LF:162
LH:152
end_of_record
SF:lib/rachet/chain.dart
DA:10,1
DA:12,0
DA:13,0
DA:14,0
LF:4
LH:1
end_of_record
SF:lib/rachet/message_key.dart
DA:8,1
LF:1
LH:1
end_of_record
SF:lib/rachet/rachet.dart
DA:32,1
DA:33,2
DA:34,4
DA:38,1
DA:41,1
DA:43,1
DA:44,2
DA:46,2
DA:47,1
DA:48,2
DA:49,3
DA:50,1
DA:51,1
DA:52,2
DA:56,1
DA:57,1
DA:58,2
DA:60,2
DA:64,1
DA:65,2
DA:67,2
DA:69,2
DA:70,2
DA:72,1
DA:73,1
DA:74,1
DA:76,2
DA:77,1
DA:82,1
DA:86,3
DA:89,2
DA:90,2
DA:91,1
DA:94,1
DA:96,1
DA:97,1
DA:98,2
DA:102,1
DA:103,1
DA:104,2
DA:105,2
LF:41
LH:41
end_of_record
SF:lib/sessions/session.dart
DA:7,1
DA:8,2
DA:9,2
DA:13,1
DA:15,2
DA:18,1
DA:20,2
DA:21,3
DA:22,0
DA:26,1
DA:28,2
DA:29,2
LF:12
LH:11
end_of_record
SF:lib/sessions/session_state.dart
DA:13,3
DA:33,1
DA:43,1
DA:45,2
DA:46,2
DA:47,2
DA:50,1
DA:52,4
DA:53,2
DA:54,2
DA:55,1
DA:56,1
DA:62,1
DA:63,3
DA:66,3
DA:67,0
DA:71,1
DA:72,1
DA:73,3
DA:74,2
DA:75,2
DA:76,1
DA:81,2
DA:82,3
DA:86,1
DA:87,1
DA:88,1
DA:89,1
DA:90,1
DA:91,1
DA:92,1
DA:93,1
DA:94,1
DA:95,2
DA:96,2
LF:35
LH:34
end_of_record
SF:lib/utils/log.dart
DA:8,1
DA:9,1
DA:15,1
DA:16,4
DA:17,2
DA:21,1
DA:22,4
DA:23,2
DA:27,0
DA:28,0
DA:29,0
DA:33,0
DA:34,0
DA:35,0
DA:39,0
DA:40,0
DA:41,0
DA:46,8
LF:18
LH:9
end_of_record
SF:lib/encryptions/cipher_session/session_factory.dart
DA:33,1
DA:35,2
DA:36,2
DA:46,1
DA:49,1
DA:51,1
DA:52,4
DA:53,3
DA:55,1
DA:56,2
DA:59,0
DA:62,1
DA:63,0
DA:65,1
DA:66,3
DA:68,1
DA:69,0
DA:70,0
DA:71,0
DA:73,2
DA:74,1
DA:75,4
DA:76,2
DA:77,6
DA:78,2
DA:79,2
DA:80,2
DA:81,3
DA:82,3
DA:83,2
DA:84,2
DA:86,1
DA:89,2
DA:91,1
DA:94,1
DA:96,2
DA:97,2
DA:98,1
DA:99,2
DA:100,1
DA:101,4
DA:103,1
DA:104,1
DA:109,1
DA:111,3
DA:112,3
DA:113,2
DA:114,2
DA:115,3
DA:116,3
DA:117,3
DA:118,3
DA:120,1
DA:122,2
DA:123,1
DA:124,3
DA:125,3
DA:126,1
DA:128,2
DA:129,1
DA:130,3
DA:131,1
DA:132,2
DA:134,1
DA:135,1
DA:136,1
DA:137,3
DA:138,1
DA:139,1
DA:141,1
DA:142,1
DA:143,3
DA:148,1
DA:151,2
DA:152,3
DA:153,0
DA:154,0
DA:157,1
DA:159,2
DA:160,1
DA:162,0
DA:163,0
DA:164,0
DA:165,0
DA:170,3
DA:171,3
DA:173,2
DA:174,3
DA:175,4
DA:176,4
DA:177,2
DA:178,6
DA:179,1
DA:180,2
DA:181,1
DA:182,2
DA:183,3
DA:185,1
DA:186,2
DA:187,1
DA:188,3
DA:189,3
DA:190,2
DA:195,2
DA:196,2
DA:197,3
DA:198,1
DA:199,2
DA:200,1
DA:201,1
DA:202,2
DA:206,1
DA:208,3
DA:209,2
DA:210,2
DA:211,3
DA:212,4
DA:213,3
DA:214,4
DA:216,1
DA:217,2
DA:218,1
DA:219,3
DA:220,2
DA:221,2
DA:222,1
DA:225,2
DA:226,1
DA:228,1
DA:229,1
DA:230,1
DA:231,3
DA:232,1
DA:233,1
DA:234,2
DA:235,1
LF:136
LH:125
end_of_record
SF:lib/exceptions/invalid_key_exception.dart
DA:2,0
DA:5,0
DA:6,0
LF:3
LH:0
end_of_record
SF:lib/keys/bundle/receiving_prekey_bundle.dart
DA:15,3
DA:16,3
DA:18,1
LF:3
LH:3
end_of_record
SF:lib/keys/whisper/pending_prekey.dart
DA:13,2
DA:15,1
DA:21,0
DA:22,0
DA:24,0
DA:25,0
LF:6
LH:2
end_of_record
SF:lib/rachet/key_and_chain.dart
DA:9,1
LF:1
LH:1
end_of_record
SF:lib/storage/storage_interface.dart
DA:21,2
LF:1
LH:1
end_of_record
SF:lib/kdf/hkdf/hkdf.dart
DA:15,0
DA:17,0
DA:18,0
DA:19,0
DA:20,0
DA:22,0
DA:26,1
DA:28,1
DA:29,1
DA:32,1
DA:34,1
DA:35,1
DA:38,1
DA:39,1
DA:40,1
DA:41,2
DA:44,1
DA:47,4
DA:48,1
DA:49,1
DA:52,1
DA:53,3
DA:54,1
DA:55,1
DA:56,1
DA:57,2
DA:59,1
DA:62,2
DA:63,1
DA:64,4
DA:65,2
DA:67,2
DA:68,4
DA:69,2
DA:73,1
DA:75,2
DA:76,0
DA:77,0
LF:38
LH:30
end_of_record
SF:lib/kdf/hkdf/hkdfv2.dart
DA:4,0
LF:1
LH:0
end_of_record
SF:lib/kdf/hkdf/hkdfv3.dart
DA:4,1
LF:1
LH:1
end_of_record
SF:lib/keys/bundle/prekey_bundle.dart
DA:12,0
DA:13,0
DA:15,0
LF:3
LH:0
end_of_record
SF:lib/keys/whisper/whisper_key.dart
DA:5,3
DA:8,8
LF:2
LH:2
end_of_record
SF:lib/protobuf/OMEMOKeyExchange.pb.dart
DA:13,6
DA:14,2
DA:15,2
DA:16,2
DA:17,2
DA:18,2
DA:19,2
DA:22,4
DA:23,1
DA:31,1
DA:33,1
DA:36,1
DA:39,1
DA:42,1
DA:45,1
DA:48,1
DA:52,6
DA:53,0
DA:54,0
DA:58,0
DA:59,0
DA:63,0
DA:64,4
DA:65,2
DA:66,2
DA:67,0
DA:68,0
DA:69,0
DA:70,0
DA:73,1
DA:74,1
DA:75,1
DA:76,1
DA:77,0
DA:78,0
DA:79,0
DA:80,0
DA:82,1
DA:83,1
DA:84,1
DA:85,1
DA:86,0
DA:87,0
DA:88,0
DA:89,0
DA:91,1
DA:92,1
DA:93,1
DA:94,1
DA:95,0
DA:96,0
DA:97,0
DA:98,0
DA:100,1
DA:101,1
DA:102,1
DA:103,1
DA:104,0
DA:105,0
DA:106,0
DA:107,0
DA:109,1
DA:110,1
DA:111,1
DA:112,1
DA:113,0
DA:114,0
DA:115,0
DA:116,0
DA:118,1
DA:119,1
DA:120,1
DA:121,1
DA:122,0
DA:123,0
DA:124,0
DA:125,0
LF:77
LH:44
end_of_record
SF:lib/protobuf/OMEMOAuthenticatedMessage.pb.dart
DA:13,0
DA:18,0
DA:19,0
DA:23,0
DA:25,0
DA:28,0
DA:32,0
DA:33,0
DA:34,0
DA:38,0
DA:39,0
DA:43,0
DA:44,0
DA:45,0
DA:46,0
DA:47,0
DA:48,0
DA:49,0
DA:50,0
DA:53,0
DA:54,0
DA:55,0
DA:56,0
DA:57,0
DA:58,0
DA:59,0
DA:60,0
DA:62,0
DA:63,0
DA:64,0
DA:65,0
DA:66,0
DA:67,0
DA:68,0
DA:69,0
LF:35
LH:0
end_of_record
SF:lib/protobuf/OMEMOMessage.pb.dart
DA:13,6
DA:14,2
DA:15,2
DA:16,2
DA:17,2
DA:20,4
DA:21,2
DA:27,2
DA:29,2
DA:32,2
DA:35,2
DA:38,2
DA:42,3
DA:43,0
DA:44,0
DA:48,0
DA:49,0
DA:53,0
DA:54,4
DA:55,2
DA:56,2
DA:57,0
DA:58,0
DA:59,0
DA:60,0
DA:63,1
DA:64,1
DA:65,2
DA:66,2
DA:67,0
DA:68,0
DA:69,0
DA:70,0
DA:72,0
DA:73,0
DA:74,2
DA:75,2
DA:76,0
DA:77,0
DA:78,0
DA:79,0
DA:81,1
DA:82,1
DA:83,2
DA:84,2
DA:85,0
DA:86,0
DA:87,0
DA:88,0
DA:90,1
DA:91,1
DA:92,2
DA:93,2
DA:94,0
DA:95,0
DA:96,0
DA:97,0
LF:57
LH:30
end_of_record
SF:lib/rachet/publickey_and_chain.dart
DA:9,1
LF:1
LH:1
end_of_record
SF:lib/rachet/rachet_interface.dart
DA:11,0
DA:31,0
DA:33,2
DA:34,2
DA:35,1
DA:36,4
DA:69,1
LF:7
LH:5
end_of_record
SF:lib/storage/in-memory/memory_storage.dart
DA:13,2
DA:16,2
DA:18,2
DA:20,1
DA:22,4
DA:23,2
DA:27,2
DA:28,2
DA:31,2
DA:33,2
DA:36,1
DA:38,3
DA:40,1
DA:42,3
DA:44,0
DA:45,0
DA:47,0
DA:49,0
DA:52,0
DA:54,0
DA:57,0
DA:59,0
DA:62,0
DA:64,0
DA:67,0
DA:69,0
DA:72,1
DA:74,1
DA:75,4
DA:78,1
DA:81,3
DA:83,3
DA:84,1
LF:33
LH:21
end_of_record
