SF:lib/utils/utils.dart
DA:6,9
DA:8,3
DA:9,12
DA:11,3
DA:14,3
DA:16,3
DA:17,6
DA:20,2
DA:21,2
LF:9
LH:9
end_of_record
SF:lib/utils/array_buffer_utils.dart
DA:6,2
DA:10,6
DA:11,6
DA:13,2
DA:15,6
DA:16,2
DA:17,4
DA:18,6
DA:23,2
DA:24,4
DA:27,0
DA:28,0
DA:31,1
DA:32,3
LF:14
LH:12
end_of_record
SF:lib/encryptions/axolotl/axolotl.dart
DA:12,2
DA:13,6
DA:17,2
DA:18,8
DA:22,2
DA:23,2
DA:24,2
DA:25,4
DA:26,4
DA:27,6
DA:28,6
DA:33,2
DA:35,2
DA:49,2
DA:52,2
DA:53,6
DA:54,2
DA:55,6
DA:56,2
DA:60,0
DA:63,0
DA:66,0
DA:69,0
DA:73,1
DA:74,2
DA:76,1
DA:78,1
DA:80,3
DA:82,2
LF:29
LH:25
end_of_record
SF:lib/keys/prekey.dart
DA:4,2
DA:5,2
LF:2
LH:2
end_of_record
SF:lib/keys/signed_prekey.dart
DA:7,2
DA:8,2
LF:2
LH:2
end_of_record
SF:lib/keys/bundle/prekey_bundle.dart
DA:13,1
LF:1
LH:1
end_of_record
SF:lib/keys/bundle/prekey_package.dart
DA:10,1
LF:1
LH:1
end_of_record
SF:lib/encryptions/cipher_session/cipher_session.dart
DA:25,1
DA:28,1
DA:29,2
DA:30,3
DA:31,3
DA:32,1
DA:33,2
DA:35,0
DA:38,2
DA:39,0
DA:40,0
DA:42,2
DA:43,3
DA:45,1
DA:46,0
DA:48,1
DA:51,2
DA:52,1
DA:56,1
DA:58,2
DA:59,2
DA:60,1
DA:61,2
DA:62,1
DA:63,4
DA:65,1
DA:66,1
DA:71,1
DA:73,3
DA:74,2
DA:75,3
DA:76,1
DA:77,3
DA:78,1
DA:79,2
DA:80,3
DA:81,1
DA:83,3
DA:84,2
DA:85,3
DA:86,1
DA:87,3
DA:88,1
DA:89,1
DA:91,2
DA:92,2
DA:93,2
DA:94,3
DA:95,1
DA:96,3
DA:97,1
DA:98,1
DA:100,2
DA:101,1
DA:102,2
DA:103,1
DA:104,1
DA:105,1
DA:106,1
DA:107,1
DA:108,1
DA:109,1
DA:112,1
DA:113,2
LF:64
LH:60
end_of_record
SF:lib/encryptions/cipher_session/cipher_session_params.dart
DA:14,1
LF:1
LH:1
end_of_record
SF:lib/exceptions/invalid_key_exception.dart
DA:2,0
DA:5,0
DA:6,0
LF:3
LH:0
end_of_record
SF:lib/keys/noob/nokey_pair.dart
DA:4,0
DA:6,0
LF:2
LH:0
end_of_record
SF:lib/keys/noob/noprekey.dart
DA:5,0
LF:1
LH:0
end_of_record
SF:lib/keys/noob/nosigned_prekey.dart
DA:6,0
DA:7,0
LF:2
LH:0
end_of_record
SF:lib/keys/pending_prekey.dart
DA:10,1
DA:14,3
LF:2
LH:2
end_of_record
SF:lib/rachet/key_and_chain.dart
DA:9,1
LF:1
LH:1
end_of_record
SF:lib/rachet/rachet.dart
DA:29,0
DA:30,0
DA:31,0
DA:34,1
DA:37,1
DA:39,1
DA:40,2
DA:42,2
DA:43,1
DA:44,2
DA:45,3
DA:46,1
DA:47,1
DA:48,2
DA:52,0
DA:53,0
DA:54,0
DA:55,0
DA:56,0
DA:58,0
DA:62,0
DA:63,0
DA:64,0
DA:66,0
DA:67,0
DA:68,0
DA:70,0
DA:72,0
DA:73,0
DA:78,0
DA:80,0
DA:84,0
DA:85,0
DA:87,0
DA:88,0
DA:90,0
DA:91,0
DA:92,0
DA:96,0
DA:97,0
DA:98,0
DA:99,0
DA:100,0
DA:102,0
DA:105,0
DA:108,0
LF:46
LH:11
end_of_record
SF:lib/sessions/session.dart
DA:7,0
DA:8,0
DA:9,0
DA:13,0
DA:15,0
DA:18,1
DA:20,2
DA:21,3
DA:22,0
DA:26,0
DA:28,0
DA:29,0
LF:12
LH:3
end_of_record
SF:lib/sessions/session_state.dart
DA:29,1
DA:38,0
DA:39,0
DA:40,0
DA:41,0
DA:42,0
DA:43,0
DA:49,1
DA:50,3
DA:52,3
DA:55,3
DA:56,0
LF:12
LH:5
end_of_record
SF:lib/storage/storage_interface.dart
DA:18,1
LF:1
LH:1
end_of_record
SF:lib/keys/key.dart
DA:7,2
LF:1
LH:1
end_of_record
SF:lib/kdf/hkdf/hkdf.dart
DA:15,0
DA:17,0
DA:18,0
DA:19,0
DA:20,0
DA:22,0
DA:26,1
DA:28,1
DA:29,1
DA:32,1
DA:34,1
DA:35,1
DA:38,1
DA:39,1
DA:40,1
DA:41,2
DA:44,1
DA:47,4
DA:48,1
DA:49,1
DA:52,1
DA:53,3
DA:54,1
DA:55,1
DA:56,1
DA:57,2
DA:59,1
DA:62,2
DA:63,1
DA:64,4
DA:65,2
DA:67,2
DA:68,4
DA:69,2
DA:73,1
DA:75,2
DA:76,0
DA:77,0
LF:38
LH:30
end_of_record
SF:lib/kdf/hkdf/hkdfv2.dart
DA:4,0
LF:1
LH:0
end_of_record
SF:lib/kdf/hkdf/hkdfv3.dart
DA:4,1
LF:1
LH:1
end_of_record
SF:lib/keys/noob/nopublickey.dart
DA:4,0
DA:5,0
LF:2
LH:0
end_of_record
SF:lib/keys/noob/nosignature.dart
DA:6,0
LF:1
LH:0
end_of_record
SF:lib/rachet/chain.dart
DA:8,1
DA:10,0
DA:11,0
LF:3
LH:1
end_of_record
SF:lib/rachet/message_key.dart
DA:8,0
LF:1
LH:0
end_of_record
SF:lib/rachet/publickey_and_chain.dart
DA:8,1
LF:1
LH:1
end_of_record
SF:lib/rachet/rachet_interface.dart
DA:9,0
DA:29,0
DA:31,2
DA:32,2
DA:33,1
DA:34,4
DA:67,1
LF:7
LH:5
end_of_record
SF:lib/keys/bundle/prekey_bundle_manager.dart
DA:7,1
DA:9,1
DA:10,2
DA:11,2
DA:13,0
DA:17,1
DA:18,2
DA:19,2
DA:20,1
DA:21,3
DA:22,3
DA:24,0
LF:12
LH:10
end_of_record
SF:lib/storage/in-memory/memory_storage.dart
DA:15,1
DA:21,1
DA:23,1
DA:24,1
DA:27,1
DA:29,1
DA:32,0
DA:33,0
DA:35,0
DA:36,0
DA:38,0
DA:39,0
DA:41,0
DA:44,0
DA:47,0
DA:50,0
DA:53,0
DA:56,0
DA:59,0
DA:62,0
DA:65,0
DA:68,0
LF:22
LH:6
end_of_record
SF:lib/utils/log.dart
DA:10,1
DA:11,1
DA:17,0
DA:18,0
DA:19,0
DA:23,1
DA:24,4
DA:26,2
DA:28,2
DA:32,0
DA:33,0
DA:35,0
DA:37,0
DA:41,0
DA:42,0
DA:44,0
DA:46,0
DA:50,0
DA:51,0
DA:53,0
DA:55,0
DA:60,2
LF:22
LH:7
end_of_record
